d:\william h\jack-o-lantern\sfml\x64\debug\sfml.pch
d:\william h\jack-o-lantern\sfml\x64\debug\vc141.pdb
d:\william h\jack-o-lantern\sfml\x64\debug\vc141.idb
d:\william h\jack-o-lantern\sfml\x64\debug\stdafx.obj
d:\william h\jack-o-lantern\sfml\x64\debug\main.obj
d:\william h\sprites_actual\sfml\x64\debug\sfml.pch
d:\william h\sprites_actual\sfml\x64\debug\vc141.pdb
d:\william h\sprites_actual\sfml\x64\debug\vc141.idb
d:\william h\sprites_actual\sfml\x64\debug\stdafx.obj
d:\william h\sprites_actual\sfml\x64\debug\main.obj
d:\william h\cube\sfml\x64\debug\sfml.pch
d:\william h\cube\sfml\x64\debug\vc141.pdb
d:\william h\cube\sfml\x64\debug\vc141.idb
d:\william h\cube\sfml\x64\debug\stdafx.obj
d:\william h\jack-o-lantern\x64\debug\sfml.exe
d:\william h\jack-o-lantern\x64\debug\sfml.ilk
d:\william h\jack-o-lantern\x64\debug\sfml.pdb
d:\william h\sprites_actual\x64\debug\sfml.exe
d:\william h\sprites_actual\x64\debug\sfml.ilk
d:\william h\sprites_actual\x64\debug\sfml.pdb
d:\william h\cube\x64\debug\sfml.exe
d:\william h\cube\x64\debug\sfml.ilk
d:\william h\cube\x64\debug\sfml.pdb
d:\william h\cube\sfml\x64\debug\sfml.tlog\cl.read.1.tlog
d:\william h\cube\sfml\x64\debug\sfml.tlog\cl.write.1.tlog
d:\william h\cube\sfml\x64\debug\sfml.tlog\cl.command.1.tlog
d:\william h\cube\sfml\x64\debug\sfml.tlog\link.read.1.tlog
d:\william h\cube\sfml\x64\debug\sfml.tlog\link.write.1.tlog
d:\william h\cube\sfml\x64\debug\sfml.tlog\link.command.1.tlog
